<?xml version="1.0" encoding="UTF-8"?>
<!-- Generated by org.testng.reporters.JUnitXMLReporter -->
<testsuite hostname="Bala-Pavan" ignored="0" name="Default test" tests="14" failures="0" timestamp="10 Dec 2018 22:41:12 GMT" time="0.208" errors="0">
  <testcase name="@BeforeSuite beforeSuite" time="0.0" classname="main_running_script_streams_ucc.StreamsUCC_Main_Script">
    <failure type="org.testng.TestNGException" message="
Parameter &amp;apos;Network&amp;apos; is required by BeforeSuite on method beforeSuite but has not been marked @Optional or defined
in C:\Users\QA\AppData\Local\Temp\testng-eclipse--1541030191\testng-customsuite.xml">
      <![CDATA[org.testng.TestNGException: 
Parameter 'Network' is required by BeforeSuite on method beforeSuite but has not been marked @Optional or defined
in C:\Users\QA\AppData\Local\Temp\testng-eclipse--1541030191\testng-customsuite.xml
	at org.testng.internal.Parameters.createParameters(Parameters.java:199)
	at org.testng.internal.Parameters.createParameters(Parameters.java:443)
	at org.testng.internal.Parameters.createConfigurationParameters(Parameters.java:118)
	at org.testng.internal.Invoker.invokeConfigurations(Invoker.java:206)
	at org.testng.internal.Invoker.invokeConfigurations(Invoker.java:146)
	at org.testng.SuiteRunner.privateRun(SuiteRunner.java:326)
	at org.testng.SuiteRunner.run(SuiteRunner.java:289)
	at org.testng.SuiteRunnerWorker.runSuite(SuiteRunnerWorker.java:52)
	at org.testng.SuiteRunnerWorker.run(SuiteRunnerWorker.java:86)
	at org.testng.TestNG.runSuitesSequentially(TestNG.java:1301)
	at org.testng.TestNG.runSuitesLocally(TestNG.java:1226)
	at org.testng.TestNG.runSuites(TestNG.java:1144)
	at org.testng.TestNG.run(TestNG.java:1115)
	at org.testng.remote.AbstractRemoteTestNG.run(AbstractRemoteTestNG.java:132)
	at org.testng.remote.RemoteTestNG.initAndRun(RemoteTestNG.java:230)
	at org.testng.remote.RemoteTestNG.main(RemoteTestNG.java:76)
]]>
    </failure>
  </testcase> <!-- @BeforeSuite beforeSuite -->
  <testcase name="login_streams" time="0.001" classname="main_running_script_streams_ucc.StreamsUCC_Main_Script">
    <skipped/>
  </testcase> <!-- login_streams -->
  <testcase name="Message_validations" time="0.0" classname="main_running_script_streams_ucc.StreamsUCC_Main_Script">
    <skipped/>
  </testcase> <!-- Message_validations -->
  <testcase name="Photo_Attachment_validation" time="0.0" classname="main_running_script_streams_ucc.StreamsUCC_Main_Script">
    <skipped/>
  </testcase> <!-- Photo_Attachment_validation -->
  <testcase name="Textfile_Validations" time="0.001" classname="main_running_script_streams_ucc.StreamsUCC_Main_Script">
    <skipped/>
  </testcase> <!-- Textfile_Validations -->
  <testcase name="Audiofile_validations" time="0.0" classname="main_running_script_streams_ucc.StreamsUCC_Main_Script">
    <skipped/>
  </testcase> <!-- Audiofile_validations -->
  <testcase name="Collegeof_photos_validatoions" time="0.0" classname="main_running_script_streams_ucc.StreamsUCC_Main_Script">
    <skipped/>
  </testcase> <!-- Collegeof_photos_validatoions -->
  <testcase name="team_Creation" time="0.0" classname="main_running_script_streams_ucc.StreamsUCC_Main_Script">
    <skipped/>
  </testcase> <!-- team_Creation -->
  <testcase name="OwnerActions" time="0.0" classname="main_running_script_streams_ucc.StreamsUCC_Main_Script">
    <skipped/>
  </testcase> <!-- OwnerActions -->
  <testcase name="ReceiverActions" time="0.001" classname="main_running_script_streams_ucc.StreamsUCC_Main_Script">
    <skipped/>
  </testcase> <!-- ReceiverActions -->
  <testcase name="IndepedentULM_StreamsBrandings" time="0.0" classname="main_running_script_streams_ucc.StreamsUCC_Main_Script">
    <skipped/>
  </testcase> <!-- IndepedentULM_StreamsBrandings -->
  <testcase name="StatusValidation" time="0.0" classname="main_running_script_streams_ucc.StreamsUCC_Main_Script">
    <skipped/>
  </testcase> <!-- StatusValidation -->
  <testcase name="IndepedentULM_InpacketBrandings" time="0.0" classname="main_running_script_streams_ucc.StreamsUCC_Main_Script">
    <skipped/>
  </testcase> <!-- IndepedentULM_InpacketBrandings -->
  <testcase name="IndependentULM_KonnectBranding" time="0.0" classname="main_running_script_streams_ucc.StreamsUCC_Main_Script">
    <skipped/>
  </testcase> <!-- IndependentULM_KonnectBranding -->
  <testcase name="IndependentULM_QuorumTechBranding" time="0.0" classname="main_running_script_streams_ucc.StreamsUCC_Main_Script">
    <skipped/>
  </testcase> <!-- IndependentULM_QuorumTechBranding -->
</testsuite> <!-- Default test -->
