<?xml version="1.0" encoding="UTF-8"?>
<!-- Generated by org.testng.reporters.JUnitXMLReporter -->
<testsuite hostname="Bala-Pavan" ignored="8" name="Stresams Smartbox" tests="1" failures="1" timestamp="13 Apr 2018 13:17:16 GMT" time="1593.001" errors="0">
  <testcase name="Message_validations" time="1592.927" classname="main_running_script_streams_ucc.StreamsUCC_Main_Script">
    <failure type="org.openqa.selenium.UnhandledAlertException" message="unexpected alert open: {Alert text : Please enter User Name.}
  (Session info: chrome=65.0.3325.181)
  (Driver info: chromedriver=2.36.540470 (e522d04694c7ebea4ba8821272dbef4f9b818c91),platform=Windows NT 10.0.16299 x86_64) (WARNING: The server did not provide any stacktrace information)
Command duration or timeout: 2 milliseconds: null
Build info: version: &amp;apos;unknown&amp;apos;, revision: &amp;apos;8c03df6&amp;apos;, time: &amp;apos;2017-03-02 09:30:17 -0800&amp;apos;
System info: host: &amp;apos;BALA-PAVAN&amp;apos;, ip: &amp;apos;192.168.2.15&amp;apos;, os.name: &amp;apos;Windows 10&amp;apos;, os.arch: &amp;apos;amd64&amp;apos;, os.version: &amp;apos;10.0&amp;apos;, java.version: &amp;apos;1.8.0_161&amp;apos;
Driver info: org.openqa.selenium.chrome.ChromeDriver
Capabilities [{applicationCacheEnabled=false, rotatable=false, mobileEmulationEnabled=false, networkConnectionEnabled=false, chrome={chromedriverVersion=2.36.540470 (e522d04694c7ebea4ba8821272dbef4f9b818c91), userDataDir=C:/Users/QA/AppData/Local/Google/Chrome/User Data/person 7}, takesHeapSnapshot=true, pageLoadStrategy=normal, databaseEnabled=false, handlesAlerts=true, hasTouchScreen=false, version=65.0.3325.181, platform=XP, browserConnectionEnabled=false, nativeEvents=true, acceptSslCerts=false, acceptInsecureCerts=false, locationContextEnabled=true, webStorageEnabled=true, browserName=chrome, takesScreenshot=true, javascriptEnabled=true, cssSelectorsEnabled=true, setWindowRect=true, unexpectedAlertBehaviour=}]
Session ID: 060930cb9c97d4517e3ef291e2dd18ac
*** Element info: {Using=id, value=streams_menu_icon_area}">
      <![CDATA[org.openqa.selenium.UnhandledAlertException: unexpected alert open: {Alert text : Please enter User Name.}
  (Session info: chrome=65.0.3325.181)
  (Driver info: chromedriver=2.36.540470 (e522d04694c7ebea4ba8821272dbef4f9b818c91),platform=Windows NT 10.0.16299 x86_64) (WARNING: The server did not provide any stacktrace information)
Command duration or timeout: 2 milliseconds: null
Build info: version: 'unknown', revision: '8c03df6', time: '2017-03-02 09:30:17 -0800'
System info: host: 'BALA-PAVAN', ip: '192.168.2.15', os.name: 'Windows 10', os.arch: 'amd64', os.version: '10.0', java.version: '1.8.0_161'
Driver info: org.openqa.selenium.chrome.ChromeDriver
Capabilities [{applicationCacheEnabled=false, rotatable=false, mobileEmulationEnabled=false, networkConnectionEnabled=false, chrome={chromedriverVersion=2.36.540470 (e522d04694c7ebea4ba8821272dbef4f9b818c91), userDataDir=C:/Users/QA/AppData/Local/Google/Chrome/User Data/person 7}, takesHeapSnapshot=true, pageLoadStrategy=normal, databaseEnabled=false, handlesAlerts=true, hasTouchScreen=false, version=65.0.3325.181, platform=XP, browserConnectionEnabled=false, nativeEvents=true, acceptSslCerts=false, acceptInsecureCerts=false, locationContextEnabled=true, webStorageEnabled=true, browserName=chrome, takesScreenshot=true, javascriptEnabled=true, cssSelectorsEnabled=true, setWindowRect=true, unexpectedAlertBehaviour=}]
Session ID: 060930cb9c97d4517e3ef291e2dd18ac
*** Element info: {Using=id, value=streams_menu_icon_area}
	at org.openqa.selenium.remote.ErrorHandler.createThrowable(ErrorHandler.java:216)
	at org.openqa.selenium.remote.ErrorHandler.throwIfResponseFailed(ErrorHandler.java:174)
	at org.openqa.selenium.remote.RemoteWebDriver.execute(RemoteWebDriver.java:638)
	at org.openqa.selenium.remote.RemoteWebDriver.findElement(RemoteWebDriver.java:371)
	at org.openqa.selenium.remote.RemoteWebDriver.findElementById(RemoteWebDriver.java:420)
	at org.openqa.selenium.By$ById.findElement(By.java:218)
	at org.openqa.selenium.remote.RemoteWebDriver.findElement(RemoteWebDriver.java:363)
	at org.openqa.selenium.support.pagefactory.DefaultElementLocator.findElement(DefaultElementLocator.java:69)
	at org.openqa.selenium.support.pagefactory.internal.LocatingElementHandler.invoke(LocatingElementHandler.java:38)
	at com.sun.proxy.$Proxy9.isDisplayed(Unknown Source)
	at org.openqa.selenium.support.ui.ExpectedConditions.elementIfVisible(ExpectedConditions.java:302)
	at org.openqa.selenium.support.ui.ExpectedConditions.access$100(ExpectedConditions.java:41)
	at org.openqa.selenium.support.ui.ExpectedConditions$10.apply(ExpectedConditions.java:288)
	at org.openqa.selenium.support.ui.ExpectedConditions$10.apply(ExpectedConditions.java:285)
	at org.openqa.selenium.support.ui.FluentWait.until(FluentWait.java:209)
	at streams_ucc_page.Page.logout(Page.java:121)
	at streams_ucc_UDF.UDF_All_Methods.Logout(UDF_All_Methods.java:134)
	at all_scripts.Streams_Ucc_sentmessage.textvalidations_at_Owner(Streams_Ucc_sentmessage.java:87)
	at main_running_script_streams_ucc.StreamsUCC_Main_Script.Message_validations(StreamsUCC_Main_Script.java:59)
... Removed 29 stack frames]]>
    </failure>
  </testcase> <!-- Message_validations -->
  <testcase name="Audiofile_validations" time="0.0" classname="main_running_script_streams_ucc.StreamsUCC_Main_Script">
    <ignored/>
  </testcase> <!-- Audiofile_validations -->
  <testcase name="Photo_Attachment_validation" time="0.0" classname="main_running_script_streams_ucc.StreamsUCC_Main_Script">
    <ignored/>
  </testcase> <!-- Photo_Attachment_validation -->
  <testcase name="ReceiverActions" time="0.0" classname="main_running_script_streams_ucc.StreamsUCC_Main_Script">
    <ignored/>
  </testcase> <!-- ReceiverActions -->
  <testcase name="team_Creation" time="0.0" classname="main_running_script_streams_ucc.StreamsUCC_Main_Script">
    <ignored/>
  </testcase> <!-- team_Creation -->
  <testcase name="Collegeof_photos_validatoions" time="0.0" classname="main_running_script_streams_ucc.StreamsUCC_Main_Script">
    <ignored/>
  </testcase> <!-- Collegeof_photos_validatoions -->
  <testcase name="login_streams" time="0.0" classname="main_running_script_streams_ucc.StreamsUCC_Main_Script">
    <ignored/>
  </testcase> <!-- login_streams -->
  <testcase name="Textfile_Validations" time="0.0" classname="main_running_script_streams_ucc.StreamsUCC_Main_Script">
    <ignored/>
  </testcase> <!-- Textfile_Validations -->
  <testcase name="OwnerActions" time="0.0" classname="main_running_script_streams_ucc.StreamsUCC_Main_Script">
    <ignored/>
  </testcase> <!-- OwnerActions -->
</testsuite> <!-- Stresams Smartbox -->
